<?xml version="1.0" encoding="UTF-8"?>
<!-- Generated by org.testng.reporters.JUnitXMLReporter -->
<testsuite hostname="Little" name="Regression Test" tests="3" failures="0" timestamp="14 May 2024 04:57:47 GMT" time="13.004" errors="0">
  <testcase name="homePageTitleTest" time="0.031" classname="com.qa.tests.HomePageTest"/>
  <testcase name="homePageUrlTest" time="0.0" classname="com.qa.tests.HomePageTest"/>
  <testcase name="SearchTest" time="0.979" classname="com.qa.tests.HomePageTest"/>
</testsuite> <!-- Regression Test -->
