<?xml version="1.0" encoding="UTF-8"?>
<!-- Generated by org.testng.reporters.JUnitXMLReporter -->
<testsuite hostname="Little" name="Default test" tests="3" failures="0" timestamp="14 May 2024 04:48:03 GMT" time="11.998" errors="0">
  <testcase name="homePageTitleTest" time="0.048" classname="com.qa.tests.HomePageTest"/>
  <testcase name="homePageUrlTest" time="0.0" classname="com.qa.tests.HomePageTest"/>
  <testcase name="SearchTest" time="1.802" classname="com.qa.tests.HomePageTest"/>
</testsuite> <!-- Default test -->
