<?xml version="1.0" encoding="UTF-8"?>
<testng-results skipped="0" failed="0" total="3" passed="3">
  <reporter-output>
  </reporter-output>
  <suite name="Regression playwright Suite" duration-ms="13004" started-at="2024-05-14T04:57:34Z" finished-at="2024-05-14T04:57:47Z">
    <groups>
    </groups>
    <test name="Regression Test" duration-ms="13004" started-at="2024-05-14T04:57:34Z" finished-at="2024-05-14T04:57:47Z">
      <class name="com.qa.tests.HomePageTest">
        <test-method status="PASS" signature="setUp()[pri:0, instance:com.qa.tests.HomePageTest@7ac7a4e4]" name="setUp" is-config="true" duration-ms="11465" started-at="2024-05-14T10:27:34Z" finished-at="2024-05-14T10:27:45Z">
          <reporter-output>
          </reporter-output>
        </test-method> <!-- setUp -->
        <test-method status="PASS" signature="homePageTitleTest()[pri:0, instance:com.qa.tests.HomePageTest@7ac7a4e4]" name="homePageTitleTest" duration-ms="31" started-at="2024-05-14T10:27:45Z" finished-at="2024-05-14T10:27:45Z">
          <reporter-output>
          </reporter-output>
        </test-method> <!-- homePageTitleTest -->
        <test-method status="PASS" signature="SearchTest()[pri:2, instance:com.qa.tests.HomePageTest@7ac7a4e4]" name="SearchTest" duration-ms="979" started-at="2024-05-14T10:27:45Z" finished-at="2024-05-14T10:27:46Z">
          <reporter-output>
          </reporter-output>
        </test-method> <!-- SearchTest -->
        <test-method status="PASS" signature="homePageUrlTest()[pri:1, instance:com.qa.tests.HomePageTest@7ac7a4e4]" name="homePageUrlTest" duration-ms="0" started-at="2024-05-14T10:27:45Z" finished-at="2024-05-14T10:27:45Z">
          <reporter-output>
          </reporter-output>
        </test-method> <!-- homePageUrlTest -->
        <test-method status="PASS" signature="tearDown()[pri:0, instance:com.qa.tests.HomePageTest@7ac7a4e4]" name="tearDown" is-config="true" duration-ms="528" started-at="2024-05-14T10:27:46Z" finished-at="2024-05-14T10:27:47Z">
          <reporter-output>
          </reporter-output>
        </test-method> <!-- tearDown -->
      </class> <!-- com.qa.tests.HomePageTest -->
    </test> <!-- Regression Test -->
  </suite> <!-- Regression playwright Suite -->
</testng-results>
